ERROR:root:An unexpected error occurred: range object index out of range
Traceback (most recent call last):
  File "/home/seane/Development/dixit/src/main.py", line 32, in main
    game_manager.run()
  File "/home/seane/Development/dixit/src/game_manager.py", line 106, in run
    self.handle_game_screen()
  File "/home/seane/Development/dixit/src/game_manager.py", line 154, in handle_game_screen
    self.game_screen.render()
  File "/home/seane/Development/dixit/src/ui/game_screen.py", line 58, in render
    self.process_bot_turn()
  File "/home/seane/Development/dixit/src/ui/game_screen.py", line 156, in process_bot_turn
    self.selected_card_index = random.choice(range(len(player.hand)))
  File "/usr/lib/python3.10/random.py", line 378, in choice
    return seq[self._randbelow(len(seq))]
IndexError: range object index out of range
ERROR:root:An unexpected error occurred: range object index out of range
Traceback (most recent call last):
  File "/home/seane/Development/dixit/src/main.py", line 32, in main
    game_manager.run()
  File "/home/seane/Development/dixit/src/game_manager.py", line 106, in run
    self.handle_game_screen()
  File "/home/seane/Development/dixit/src/game_manager.py", line 154, in handle_game_screen
    self.game_screen.render()
  File "/home/seane/Development/dixit/src/ui/game_screen.py", line 58, in render
    self.process_bot_turn()
  File "/home/seane/Development/dixit/src/ui/game_screen.py", line 156, in process_bot_turn
    self.selected_card_index = random.choice(range(len(player.hand)))
  File "/usr/lib/python3.10/random.py", line 378, in choice
    return seq[self._randbelow(len(seq))]
IndexError: range object index out of range
ERROR:root:An unexpected error occurred: 'GameScreen' object has no attribute 'just_dealt'
Traceback (most recent call last):
  File "/home/seane/Development/dixit/src/main.py", line 32, in main
    game_manager.run()
  File "/home/seane/Development/dixit/src/game_manager.py", line 106, in run
    self.handle_game_screen()
  File "/home/seane/Development/dixit/src/game_manager.py", line 154, in handle_game_screen
    self.game_screen.render()
  File "/home/seane/Development/dixit/src/ui/game_screen.py", line 58, in render
    self.process_bot_turn()
  File "/home/seane/Development/dixit/src/ui/game_screen.py", line 158, in process_bot_turn
    if not self.just_dealt:  # Add a flag to prevent immediate redraw
AttributeError: 'GameScreen' object has no attribute 'just_dealt'
ERROR:root:An unexpected error occurred: 'Human' object has no attribute 'score'
Traceback (most recent call last):
  File "/home/seane/Development/dixit/src/main.py", line 32, in main
    game_manager.run()
  File "/home/seane/Development/dixit/src/game_manager.py", line 108, in run
    self.handle_game_over_screen()
  File "/home/seane/Development/dixit/src/game_manager.py", line 161, in handle_game_over_screen
    self.game_over_screen.render()
  File "/home/seane/Development/dixit/src/ui/game_over_screen.py", line 31, in render
    f"{player.name}: {player.score} points", True, (255, 255, 255)
AttributeError: 'Human' object has no attribute 'score'
ERROR:root:An unexpected error occurred: 'GameManager' object has no attribute 'update_loading_bar'
Traceback (most recent call last):
  File "/home/seane/Development/dixit/src/main.py", line 32, in main
    game_manager.run()
  File "/home/seane/Development/dixit/src/game_manager.py", line 89, in run
    self.handle_loading_screen()
  File "/home/seane/Development/dixit/src/game_manager.py", line 129, in handle_loading_screen
    self.update_loading_bar()
AttributeError: 'GameManager' object has no attribute 'update_loading_bar'
ERROR:root:An unexpected error occurred: 'GameManager' object has no attribute 'start_new_round'
Traceback (most recent call last):
  File "/home/seane/Development/dixit/src/main.py", line 32, in main
    game_manager.run()
  File "/home/seane/Development/dixit/src/game_manager.py", line 91, in run
    self.handle_game_screen()
  File "/home/seane/Development/dixit/src/game_manager.py", line 158, in handle_game_screen
    next_screen = self.game_screen.handle_events()
  File "/home/seane/Development/dixit/src/ui/game_screen.py", line 173, in handle_events
    self.game_manager.start_new_round()
AttributeError: 'GameManager' object has no attribute 'start_new_round'
ERROR:root:An unexpected error occurred: 'GameManager' object has no attribute 'start_new_round'
Traceback (most recent call last):
  File "/home/seane/Development/dixit/src/main.py", line 32, in main
    game_manager.run()
  File "/home/seane/Development/dixit/src/game_manager.py", line 82, in run
    self.handle_state()
  File "/home/seane/Development/dixit/src/game_manager.py", line 96, in handle_state
    self.handle_game_screen()
  File "/home/seane/Development/dixit/src/game_manager.py", line 160, in handle_game_screen
    next_screen = self.game_screen.handle_events()
  File "/home/seane/Development/dixit/src/ui/game_screen.py", line 173, in handle_events
    self.game_manager.start_new_round()
AttributeError: 'GameManager' object has no attribute 'start_new_round'
ERROR:root:An unexpected error occurred: 'GameManager' object has no attribute 'start_new_round'
Traceback (most recent call last):
  File "/home/seane/Development/dixit/src/main.py", line 32, in main
    game_manager.run()
  File "/home/seane/Development/dixit/src/game_manager.py", line 82, in run
    self.handle_state()
  File "/home/seane/Development/dixit/src/game_manager.py", line 96, in handle_state
    self.handle_game_screen()
  File "/home/seane/Development/dixit/src/game_manager.py", line 160, in handle_game_screen
    next_screen = self.game_screen.handle_events()
  File "/home/seane/Development/dixit/src/ui/game_screen.py", line 167, in handle_events
    self.game_manager.start_new_round()
AttributeError: 'GameManager' object has no attribute 'start_new_round'
ERROR:root:An unexpected error occurred: render_text() missing 1 required positional argument: 'position'
Traceback (most recent call last):
  File "/home/seane/Development/dixit/src/main.py", line 33, in main
    game_manager.run()
  File "/home/seane/Development/dixit/src/core/game_manager.py", line 84, in run
    self.handle_state()
  File "/home/seane/Development/dixit/src/core/game_manager.py", line 92, in handle_state
    self.handle_setup_menu()
  File "/home/seane/Development/dixit/src/core/game_manager.py", line 114, in handle_setup_menu
    self.setup_menu.render()
  File "/home/seane/Development/dixit/src/ui/setup_menu.py", line 35, in render
    self.render_buttons()
  File "/home/seane/Development/dixit/src/ui/setup_menu.py", line 66, in render_buttons
    self.buttons["increase_humans"]["rect"] = self.render_button(
  File "/home/seane/Development/dixit/src/ui/setup_menu.py", line 100, in render_button
    text_surface = render_text(
TypeError: render_text() missing 1 required positional argument: 'position'
ERROR:root:An unexpected error occurred: 'pygame.rect.Rect' object has no attribute 'get_rect'
Traceback (most recent call last):
  File "/home/seane/Development/dixit/src/main.py", line 33, in main
    game_manager.run()
  File "/home/seane/Development/dixit/src/core/game_manager.py", line 84, in run
    self.handle_state()
  File "/home/seane/Development/dixit/src/core/game_manager.py", line 92, in handle_state
    self.handle_setup_menu()
  File "/home/seane/Development/dixit/src/core/game_manager.py", line 114, in handle_setup_menu
    self.setup_menu.render()
  File "/home/seane/Development/dixit/src/ui/setup_menu.py", line 83, in render
    self.render_buttons()
  File "/home/seane/Development/dixit/src/ui/setup_menu.py", line 117, in render_buttons
    button["rect"] = self.render_button(key, position)
  File "/home/seane/Development/dixit/src/ui/setup_menu.py", line 125, in render_button
    rect = text_surface.get_rect(topleft=position)
AttributeError: 'pygame.rect.Rect' object has no attribute 'get_rect'
ERROR:root:An unexpected error occurred: 'pygame.rect.Rect' object has no attribute 'get_rect'
Traceback (most recent call last):
  File "/home/seane/Development/dixit/src/main.py", line 33, in main
    game_manager.run()
  File "/home/seane/Development/dixit/src/core/game_manager.py", line 84, in run
    self.handle_state()
  File "/home/seane/Development/dixit/src/core/game_manager.py", line 92, in handle_state
    self.handle_setup_menu()
  File "/home/seane/Development/dixit/src/core/game_manager.py", line 114, in handle_setup_menu
    self.setup_menu.render()
  File "/home/seane/Development/dixit/src/ui/setup_menu.py", line 83, in render
    self.render_buttons()
  File "/home/seane/Development/dixit/src/ui/setup_menu.py", line 117, in render_buttons
    button["rect"] = self.render_button(key, position)
  File "/home/seane/Development/dixit/src/ui/setup_menu.py", line 125, in render_button
    rect = text_surface.get_rect(topleft=position)
AttributeError: 'pygame.rect.Rect' object has no attribute 'get_rect'
ERROR:root:An unexpected error occurred: render_text() missing 1 required positional argument: 'position'
Traceback (most recent call last):
  File "/home/seane/Development/dixit/src/main.py", line 33, in main
    game_manager.run()
  File "/home/seane/Development/dixit/src/core/game_manager.py", line 84, in run
    self.handle_state()
  File "/home/seane/Development/dixit/src/core/game_manager.py", line 92, in handle_state
    self.handle_setup_menu()
  File "/home/seane/Development/dixit/src/core/game_manager.py", line 114, in handle_setup_menu
    self.setup_menu.render()
  File "/home/seane/Development/dixit/src/ui/setup_menu.py", line 35, in render
    self.render_buttons()
  File "/home/seane/Development/dixit/src/ui/setup_menu.py", line 66, in render_buttons
    self.buttons["increase_humans"]["rect"] = self.render_button(
  File "/home/seane/Development/dixit/src/ui/setup_menu.py", line 100, in render_button
    text_surface = render_text(
TypeError: render_text() missing 1 required positional argument: 'position'
ERROR:root:An unexpected error occurred: render_text() missing 1 required positional argument: 'position'
Traceback (most recent call last):
  File "/home/seane/Development/dixit/src/main.py", line 33, in main
    game_manager.run()
  File "/home/seane/Development/dixit/src/core/game_manager.py", line 84, in run
    self.handle_state()
  File "/home/seane/Development/dixit/src/core/game_manager.py", line 92, in handle_state
    self.handle_setup_menu()
  File "/home/seane/Development/dixit/src/core/game_manager.py", line 114, in handle_setup_menu
    self.setup_menu.render()
  File "/home/seane/Development/dixit/src/ui/setup_menu.py", line 35, in render
    self.render_buttons()
  File "/home/seane/Development/dixit/src/ui/setup_menu.py", line 66, in render_buttons
    self.buttons["increase_humans"]["rect"] = self.render_button(
  File "/home/seane/Development/dixit/src/ui/setup_menu.py", line 100, in render_button
    text_surface = render_text(
TypeError: render_text() missing 1 required positional argument: 'position'
ERROR:root:An unexpected error occurred: render_text() missing 1 required positional argument: 'position'
Traceback (most recent call last):
  File "/home/seane/Development/dixit/src/main.py", line 33, in main
    game_manager.run()
  File "/home/seane/Development/dixit/src/core/game_manager.py", line 84, in run
    self.handle_state()
  File "/home/seane/Development/dixit/src/core/game_manager.py", line 92, in handle_state
    self.handle_setup_menu()
  File "/home/seane/Development/dixit/src/core/game_manager.py", line 114, in handle_setup_menu
    self.setup_menu.render()
  File "/home/seane/Development/dixit/src/ui/setup_menu.py", line 35, in render
    self.render_buttons()
  File "/home/seane/Development/dixit/src/ui/setup_menu.py", line 67, in render_buttons
    self.buttons["increase_humans"]["rect"] = self.render_button(
  File "/home/seane/Development/dixit/src/ui/setup_menu.py", line 101, in render_button
    text_surface = render_text(
TypeError: render_text() missing 1 required positional argument: 'position'
ERROR:root:An unexpected error occurred: render_text() missing 1 required positional argument: 'position'
Traceback (most recent call last):
  File "/home/seane/Development/dixit/src/main.py", line 33, in main
    game_manager.run()
  File "/home/seane/Development/dixit/src/core/game_manager.py", line 84, in run
    self.handle_state()
  File "/home/seane/Development/dixit/src/core/game_manager.py", line 92, in handle_state
    self.handle_setup_menu()
  File "/home/seane/Development/dixit/src/core/game_manager.py", line 114, in handle_setup_menu
    self.setup_menu.render()
  File "/home/seane/Development/dixit/src/ui/setup_menu.py", line 35, in render
    self.render_buttons()
  File "/home/seane/Development/dixit/src/ui/setup_menu.py", line 68, in render_buttons
    self.buttons["increase_humans"]["rect"] = self.render_button(
  File "/home/seane/Development/dixit/src/ui/setup_menu.py", line 102, in render_button
    text_surface = render_text(
TypeError: render_text() missing 1 required positional argument: 'position'
ERROR:root:An unexpected error occurred: render_text() missing 1 required positional argument: 'position'
Traceback (most recent call last):
  File "/home/seane/Development/dixit/src/main.py", line 33, in main
    game_manager.run()
  File "/home/seane/Development/dixit/src/core/game_manager.py", line 84, in run
    self.handle_state()
  File "/home/seane/Development/dixit/src/core/game_manager.py", line 92, in handle_state
    self.handle_setup_menu()
  File "/home/seane/Development/dixit/src/core/game_manager.py", line 114, in handle_setup_menu
    self.setup_menu.render()
  File "/home/seane/Development/dixit/src/ui/setup_menu.py", line 35, in render
    self.render_buttons()
  File "/home/seane/Development/dixit/src/ui/setup_menu.py", line 68, in render_buttons
    self.buttons["increase_humans"]["rect"] = self.render_button(
  File "/home/seane/Development/dixit/src/ui/setup_menu.py", line 102, in render_button
    text_surface = render_text(
TypeError: render_text() missing 1 required positional argument: 'position'
ERROR:root:An unexpected error occurred: render_text() missing 1 required positional argument: 'position'
Traceback (most recent call last):
  File "/home/seane/Development/dixit/src/main.py", line 33, in main
    game_manager.run()
  File "/home/seane/Development/dixit/src/core/game_manager.py", line 84, in run
    self.handle_state()
  File "/home/seane/Development/dixit/src/core/game_manager.py", line 92, in handle_state
    self.handle_setup_menu()
  File "/home/seane/Development/dixit/src/core/game_manager.py", line 114, in handle_setup_menu
    self.setup_menu.render()
  File "/home/seane/Development/dixit/src/ui/setup_menu.py", line 35, in render
    self.render_buttons()
  File "/home/seane/Development/dixit/src/ui/setup_menu.py", line 68, in render_buttons
    self.buttons["increase_humans"]["rect"] = self.render_button(
  File "/home/seane/Development/dixit/src/ui/setup_menu.py", line 102, in render_button
    text_surface = render_text(
TypeError: render_text() missing 1 required positional argument: 'position'
ERROR:root:An unexpected error occurred: 'pygame.rect.Rect' object has no attribute 'get_rect'
Traceback (most recent call last):
  File "/home/seane/Development/dixit/src/main.py", line 33, in main
    game_manager.run()
  File "/home/seane/Development/dixit/src/core/game_manager.py", line 84, in run
    self.handle_state()
  File "/home/seane/Development/dixit/src/core/game_manager.py", line 92, in handle_state
    self.handle_setup_menu()
  File "/home/seane/Development/dixit/src/core/game_manager.py", line 114, in handle_setup_menu
    self.setup_menu.render()
  File "/home/seane/Development/dixit/src/ui/setup_menu.py", line 40, in render
    self.render_buttons()
  File "/home/seane/Development/dixit/src/ui/setup_menu.py", line 69, in render_buttons
    self.buttons["increase_humans"]["rect"] = self.render_button(
  File "/home/seane/Development/dixit/src/ui/setup_menu.py", line 109, in render_button
    rect = text_surface.get_rect(topleft=position)
AttributeError: 'pygame.rect.Rect' object has no attribute 'get_rect'
ERROR:root:An unexpected error occurred: 'pygame.rect.Rect' object has no attribute 'get_rect'
Traceback (most recent call last):
  File "/home/seane/Development/dixit/src/main.py", line 33, in main
    game_manager.run()
  File "/home/seane/Development/dixit/src/core/game_manager.py", line 88, in run
    self.handle_state()
  File "/home/seane/Development/dixit/src/core/game_manager.py", line 96, in handle_state
    self.handle_setup_menu()
  File "/home/seane/Development/dixit/src/core/game_manager.py", line 118, in handle_setup_menu
    self.setup_menu.render()
  File "/home/seane/Development/dixit/src/ui/setup_menu.py", line 40, in render
    self.render_buttons()
  File "/home/seane/Development/dixit/src/ui/setup_menu.py", line 69, in render_buttons
    self.buttons["increase_humans"]["rect"] = self.render_button(
  File "/home/seane/Development/dixit/src/ui/setup_menu.py", line 109, in render_button
    rect = text_surface.get_rect(topleft=position)
AttributeError: 'pygame.rect.Rect' object has no attribute 'get_rect'
ERROR:root:An unexpected error occurred: 'pygame.rect.Rect' object has no attribute 'get_rect'
Traceback (most recent call last):
  File "/home/seane/Development/dixit/src/main.py", line 33, in main
    game_manager.run()
  File "/home/seane/Development/dixit/src/core/game_manager.py", line 88, in run
    self.handle_state()
  File "/home/seane/Development/dixit/src/core/game_manager.py", line 96, in handle_state
    self.handle_setup_menu()
  File "/home/seane/Development/dixit/src/core/game_manager.py", line 118, in handle_setup_menu
    self.setup_menu.render()
  File "/home/seane/Development/dixit/src/ui/setup_menu.py", line 40, in render
    self.render_buttons()
  File "/home/seane/Development/dixit/src/ui/setup_menu.py", line 69, in render_buttons
    self.buttons["increase_humans"]["rect"] = self.render_button(
  File "/home/seane/Development/dixit/src/ui/setup_menu.py", line 109, in render_button
    rect = text_surface.get_rect(topleft=position)
AttributeError: 'pygame.rect.Rect' object has no attribute 'get_rect'
ERROR:root:An unexpected error occurred: 'pygame.rect.Rect' object has no attribute 'get_rect'
Traceback (most recent call last):
  File "/home/seane/Development/dixit/src/main.py", line 33, in main
    game_manager.run()
  File "/home/seane/Development/dixit/src/core/game_manager.py", line 88, in run
    self.handle_state()
  File "/home/seane/Development/dixit/src/core/game_manager.py", line 96, in handle_state
    self.handle_setup_menu()
  File "/home/seane/Development/dixit/src/core/game_manager.py", line 118, in handle_setup_menu
    self.setup_menu.render()
  File "/home/seane/Development/dixit/src/ui/setup_menu.py", line 40, in render
    self.render_buttons()
  File "/home/seane/Development/dixit/src/ui/setup_menu.py", line 69, in render_buttons
    self.buttons["increase_humans"]["rect"] = self.render_button(
  File "/home/seane/Development/dixit/src/ui/setup_menu.py", line 109, in render_button
    rect = text_surface.get_rect(topleft=position)
AttributeError: 'pygame.rect.Rect' object has no attribute 'get_rect'
ERROR:root:An unexpected error occurred: 'pygame.rect.Rect' object has no attribute 'get_rect'
Traceback (most recent call last):
  File "/home/seane/Development/dixit/src/main.py", line 38, in main
    game_manager.run()
  File "/home/seane/Development/dixit/src/core/game_manager.py", line 88, in run
    self.handle_state()
  File "/home/seane/Development/dixit/src/core/game_manager.py", line 96, in handle_state
    self.handle_setup_menu()
  File "/home/seane/Development/dixit/src/core/game_manager.py", line 118, in handle_setup_menu
    self.setup_menu.render()
  File "/home/seane/Development/dixit/src/ui/setup_menu.py", line 40, in render
    self.render_buttons()
  File "/home/seane/Development/dixit/src/ui/setup_menu.py", line 69, in render_buttons
    self.buttons["increase_humans"]["rect"] = self.render_button(
  File "/home/seane/Development/dixit/src/ui/setup_menu.py", line 112, in render_button
    rect = text_surface.get_rect(topleft=position)
AttributeError: 'pygame.rect.Rect' object has no attribute 'get_rect'
ERROR:root:An unexpected error occurred: 'pygame.rect.Rect' object has no attribute 'get_rect'
Traceback (most recent call last):
  File "/home/seane/Development/dixit/src/main.py", line 38, in main
    game_manager.run()
  File "/home/seane/Development/dixit/src/core/game_manager.py", line 88, in run
    self.handle_state()
  File "/home/seane/Development/dixit/src/core/game_manager.py", line 96, in handle_state
    self.handle_setup_menu()
  File "/home/seane/Development/dixit/src/core/game_manager.py", line 118, in handle_setup_menu
    self.setup_menu.render()
  File "/home/seane/Development/dixit/src/ui/setup_menu.py", line 40, in render
    self.render_buttons()
  File "/home/seane/Development/dixit/src/ui/setup_menu.py", line 69, in render_buttons
    self.buttons["increase_humans"]["rect"] = self.render_button(
  File "/home/seane/Development/dixit/src/ui/setup_menu.py", line 112, in render_button
    rect = text_surface.get_rect(topleft=position)
AttributeError: 'pygame.rect.Rect' object has no attribute 'get_rect'
ERROR:root:An unexpected error occurred: 'pygame.rect.Rect' object has no attribute 'get_rect'
Traceback (most recent call last):
  File "/home/seane/Development/dixit/src/main.py", line 38, in main
    game_manager.run()
  File "/home/seane/Development/dixit/src/core/game_manager.py", line 88, in run
    self.handle_state()
  File "/home/seane/Development/dixit/src/core/game_manager.py", line 96, in handle_state
    self.handle_setup_menu()
  File "/home/seane/Development/dixit/src/core/game_manager.py", line 118, in handle_setup_menu
    self.setup_menu.render()
  File "/home/seane/Development/dixit/src/ui/setup_menu.py", line 46, in render
    self.render_buttons()
  File "/home/seane/Development/dixit/src/ui/setup_menu.py", line 75, in render_buttons
    self.buttons["increase_humans"]["rect"] = self.render_button(
  File "/home/seane/Development/dixit/src/ui/setup_menu.py", line 113, in render_button
    rect = text_surface.get_rect(topleft=position)
AttributeError: 'pygame.rect.Rect' object has no attribute 'get_rect'
ERROR:root:An unexpected error occurred: 'list' object has no attribute 'type'
Traceback (most recent call last):
  File "/home/seane/Development/dixit/src/main.py", line 38, in main
    game_manager.run()
  File "/home/seane/Development/dixit/src/core/game_manager.py", line 88, in run
    self.handle_state()
  File "/home/seane/Development/dixit/src/core/game_manager.py", line 102, in handle_state
    self.handle_game_screen()
  File "/home/seane/Development/dixit/src/core/game_manager.py", line 163, in handle_game_screen
    next_screen = self.game_screen.handle_event(pygame.event.get())
  File "/home/seane/Development/dixit/src/ui/game_screen.py", line 49, in handle_event
    self.state.handle_input(event)
  File "/home/seane/Development/dixit/src/core/state_machine.py", line 25, in handle_input
    if event.type == pygame.QUIT:
AttributeError: 'list' object has no attribute 'type'
ERROR:root:An unexpected error occurred: 'list' object has no attribute 'type'
Traceback (most recent call last):
  File "/home/seane/Development/dixit/src/main.py", line 38, in main
    game_manager.run()
  File "/home/seane/Development/dixit/src/core/game_manager.py", line 88, in run
    self.handle_state()
  File "/home/seane/Development/dixit/src/core/game_manager.py", line 102, in handle_state
    self.handle_game_screen()
  File "/home/seane/Development/dixit/src/core/game_manager.py", line 170, in handle_game_screen
    next_screen = self.game_screen.handle_event(pygame.event.get())
  File "/home/seane/Development/dixit/src/ui/game_screen.py", line 49, in handle_event
    self.state.handle_input(event)
  File "/home/seane/Development/dixit/src/core/state_machine.py", line 25, in handle_input
    if event.type == pygame.QUIT:
AttributeError: 'list' object has no attribute 'type'
